c:\users\huntees\desktop\advanced-games-tech\agt_template\inter\debug-windows-x86_64\game\vc142.pdb
c:\users\huntees\desktop\advanced-games-tech\agt_template\inter\debug-windows-x86_64\game\vc142.idb
c:\users\huntees\desktop\advanced-games-tech\agt_template\inter\debug-windows-x86_64\game\player.obj
c:\users\huntees\desktop\advanced-games-tech\agt_template\inter\debug-windows-x86_64\game\intro_screen.obj
c:\users\huntees\desktop\advanced-games-tech\agt_template\inter\debug-windows-x86_64\game\game.obj
c:\users\huntees\desktop\advanced-games-tech\agt_template\inter\debug-windows-x86_64\game\example_layer.obj
c:\users\huntees\desktop\agt_coursework\agt_template\inter\debug-windows-x86_64\game\vc142.pdb
c:\users\huntees\desktop\agt_coursework\agt_template\inter\debug-windows-x86_64\game\vc142.idb
c:\users\huntees\desktop\agt_coursework\agt_template\inter\debug-windows-x86_64\game\player.obj
c:\users\huntees\desktop\agt_coursework\agt_template\inter\debug-windows-x86_64\game\intro_screen.obj
c:\users\huntees\desktop\agt_coursework\agt_template\inter\debug-windows-x86_64\game\game.obj
c:\users\huntees\desktop\agt_coursework\agt_template\inter\debug-windows-x86_64\game\example_layer.obj
c:\users\huntees\desktop\advanced-games-tech\agt_template\bin\debug-windows-x86_64\game\game.lib
c:\users\huntees\desktop\advanced-games-tech\agt_template\bin\debug-windows-x86_64\game\game.exp
c:\users\huntees\desktop\agt_coursework\agt_template\bin\debug-windows-x86_64\game\game.lib
c:\users\huntees\desktop\agt_coursework\agt_template\bin\debug-windows-x86_64\game\game.exp
c:\users\huntees\desktop\advanced-games-tech\agt_template\bin\debug-windows-x86_64\game\game.exe
c:\users\huntees\desktop\advanced-games-tech\agt_template\bin\debug-windows-x86_64\game\game.ilk
c:\users\huntees\desktop\advanced-games-tech\agt_template\bin\debug-windows-x86_64\game\game.pdb
c:\users\huntees\desktop\agt_coursework\agt_template\bin\debug-windows-x86_64\game\game.exe
c:\users\huntees\desktop\agt_coursework\agt_template\bin\debug-windows-x86_64\game\game.ilk
c:\users\huntees\desktop\agt_coursework\agt_template\bin\debug-windows-x86_64\game\game.pdb
c:\users\huntees\desktop\agt_coursework\agt_template\game\..\bin\debug-windows-x86_64\game\game.exe
c:\users\huntees\desktop\agt_coursework\agt_template\inter\debug-windows-x86_64\game\game.tlog\cl.command.1.tlog
c:\users\huntees\desktop\agt_coursework\agt_template\inter\debug-windows-x86_64\game\game.tlog\cl.read.1.tlog
c:\users\huntees\desktop\agt_coursework\agt_template\inter\debug-windows-x86_64\game\game.tlog\cl.write.1.tlog
c:\users\huntees\desktop\agt_coursework\agt_template\inter\debug-windows-x86_64\game\game.tlog\game.write.1u.tlog
c:\users\huntees\desktop\agt_coursework\agt_template\inter\debug-windows-x86_64\game\game.tlog\link.command.1.tlog
c:\users\huntees\desktop\agt_coursework\agt_template\inter\debug-windows-x86_64\game\game.tlog\link.read.1.tlog
c:\users\huntees\desktop\agt_coursework\agt_template\inter\debug-windows-x86_64\game\game.tlog\link.write.1.tlog
